==19966== Memcheck, a memory error detector
==19966== Copyright (C) 2002-2013, and GNU GPL'd, by Julian Seward et al.
==19966== Using Valgrind-3.10.1 and LibVEX; rerun with -h for copyright info
==19966== Command: ./rlg327
==19966== Parent PID: 1324
==19966== 
==19966== 
==19966== HEAP SUMMARY:
==19966==     in use at exit: 142,098 bytes in 334 blocks
==19966==   total heap usage: 11,207 allocs, 10,873 frees, 714,357 bytes allocated
==19966== 
==19966== 6 bytes in 1 blocks are still reachable in loss record 1 of 41
==19966==    at 0x4C2AADD: malloc (vg_replace_malloc.c:296)
==19966==    by 0x59A6B99: strdup (in /lib64/libc-2.17.so)
==19966==    by 0x4E634E1: _nc_setupterm (in /lib64/libncurses.so.5.9)
==19966==    by 0x4E51D69: newterm (in /lib64/libncurses.so.5.9)
==19966==    by 0x4E4EB82: initscr (in /lib64/libncurses.so.5.9)
==19966==    by 0x4107E5: io_init_terminal(dungeon*) (io.cpp:54)
==19966==    by 0x4038AA: main (rlg327.cpp:213)
==19966== 
==19966== 8 bytes in 1 blocks are still reachable in loss record 2 of 41
==19966==    at 0x4C2C854: calloc (vg_replace_malloc.c:623)
==19966==    by 0x4E546B5: _nc_setupscreen (in /lib64/libncurses.so.5.9)
==19966==    by 0x4E51DAD: newterm (in /lib64/libncurses.so.5.9)
==19966==    by 0x4E4EB82: initscr (in /lib64/libncurses.so.5.9)
==19966==    by 0x4107E5: io_init_terminal(dungeon*) (io.cpp:54)
==19966==    by 0x4038AA: main (rlg327.cpp:213)
==19966== 
==19966== 15 bytes in 1 blocks are still reachable in loss record 3 of 41
==19966==    at 0x4C2AADD: malloc (vg_replace_malloc.c:296)
==19966==    by 0x59A6B99: strdup (in /lib64/libc-2.17.so)
==19966==    by 0x4E60AC3: ??? (in /lib64/libncurses.so.5.9)
==19966==    by 0x4E60D8E: _nc_first_db (in /lib64/libncurses.so.5.9)
==19966==    by 0x4E68FAC: _nc_read_entry (in /lib64/libncurses.so.5.9)
==19966==    by 0x4E63165: _nc_setup_tinfo (in /lib64/libncurses.so.5.9)
==19966==    by 0x4E63491: _nc_setupterm (in /lib64/libncurses.so.5.9)
==19966==    by 0x4E51D69: newterm (in /lib64/libncurses.so.5.9)
==19966==    by 0x4E4EB82: initscr (in /lib64/libncurses.so.5.9)
==19966==    by 0x4107E5: io_init_terminal(dungeon*) (io.cpp:54)
==19966==    by 0x4038AA: main (rlg327.cpp:213)
==19966== 
==19966== 24 bytes in 1 blocks are still reachable in loss record 4 of 41
==19966==    at 0x4C2C854: calloc (vg_replace_malloc.c:623)
==19966==    by 0x4E5F023: _nc_add_to_try (in /lib64/libncurses.so.5.9)
==19966==    by 0x4E615A3: _nc_init_keytry (in /lib64/libncurses.so.5.9)
==19966==    by 0x4E62633: _nc_keypad (in /lib64/libncurses.so.5.9)
==19966==    by 0x41080D: io_init_terminal(dungeon*) (io.cpp:58)
==19966==    by 0x4038AA: main (rlg327.cpp:213)
==19966== 
==19966== 27 bytes in 1 blocks are still reachable in loss record 5 of 41
==19966==    at 0x4C2AADD: malloc (vg_replace_malloc.c:296)
==19966==    by 0x4E61504: _nc_home_terminfo (in /lib64/libncurses.so.5.9)
==19966==    by 0x4E60D78: _nc_first_db (in /lib64/libncurses.so.5.9)
==19966==    by 0x4E68FAC: _nc_read_entry (in /lib64/libncurses.so.5.9)
==19966==    by 0x4E63165: _nc_setup_tinfo (in /lib64/libncurses.so.5.9)
==19966==    by 0x4E63491: _nc_setupterm (in /lib64/libncurses.so.5.9)
==19966==    by 0x4E51D69: newterm (in /lib64/libncurses.so.5.9)
==19966==    by 0x4E4EB82: initscr (in /lib64/libncurses.so.5.9)
==19966==    by 0x4107E5: io_init_terminal(dungeon*) (io.cpp:54)
==19966==    by 0x4038AA: main (rlg327.cpp:213)
==19966== 
==19966== 32 bytes in 1 blocks are still reachable in loss record 6 of 41
==19966==    at 0x4C2C854: calloc (vg_replace_malloc.c:623)
==19966==    by 0x4E60E73: _nc_first_db (in /lib64/libncurses.so.5.9)
==19966==    by 0x4E68FAC: _nc_read_entry (in /lib64/libncurses.so.5.9)
==19966==    by 0x4E63165: _nc_setup_tinfo (in /lib64/libncurses.so.5.9)
==19966==    by 0x4E63491: _nc_setupterm (in /lib64/libncurses.so.5.9)
==19966==    by 0x4E51D69: newterm (in /lib64/libncurses.so.5.9)
==19966==    by 0x4E4EB82: initscr (in /lib64/libncurses.so.5.9)
==19966==    by 0x4107E5: io_init_terminal(dungeon*) (io.cpp:54)
==19966==    by 0x4038AA: main (rlg327.cpp:213)
==19966== 
==19966== 46 bytes in 1 blocks are still reachable in loss record 7 of 41
==19966==    at 0x4C2CA2A: realloc (vg_replace_malloc.c:692)
==19966==    by 0x4E611B2: _nc_doalloc (in /lib64/libncurses.so.5.9)
==19966==    by 0x4E68B96: _nc_read_termtype (in /lib64/libncurses.so.5.9)
==19966==    by 0x4E68EAF: _nc_read_file_entry (in /lib64/libncurses.so.5.9)
==19966==    by 0x4E6900B: _nc_read_entry (in /lib64/libncurses.so.5.9)
==19966==    by 0x4E63165: _nc_setup_tinfo (in /lib64/libncurses.so.5.9)
==19966==    by 0x4E63491: _nc_setupterm (in /lib64/libncurses.so.5.9)
==19966==    by 0x4E51D69: newterm (in /lib64/libncurses.so.5.9)
==19966==    by 0x4E4EB82: initscr (in /lib64/libncurses.so.5.9)
==19966==    by 0x4107E5: io_init_terminal(dungeon*) (io.cpp:54)
==19966==    by 0x4038AA: main (rlg327.cpp:213)
==19966== 
==19966== 66 bytes in 1 blocks are still reachable in loss record 8 of 41
==19966==    at 0x4C2CA2A: realloc (vg_replace_malloc.c:692)
==19966==    by 0x4E611B2: _nc_doalloc (in /lib64/libncurses.so.5.9)
==19966==    by 0x4E65CE7: tparm (in /lib64/libncurses.so.5.9)
==19966==    by 0x4E517CE: _nc_mvcur_init (in /lib64/libncurses.so.5.9)
==19966==    by 0x4E51EF5: newterm (in /lib64/libncurses.so.5.9)
==19966==    by 0x4E4EB82: initscr (in /lib64/libncurses.so.5.9)
==19966==    by 0x4107E5: io_init_terminal(dungeon*) (io.cpp:54)
==19966==    by 0x4038AA: main (rlg327.cpp:213)
==19966== 
==19966== 74 bytes in 1 blocks are still reachable in loss record 9 of 41
==19966==    at 0x4C2AADD: malloc (vg_replace_malloc.c:296)
==19966==    by 0x4E60DDB: _nc_first_db (in /lib64/libncurses.so.5.9)
==19966==    by 0x4E68FAC: _nc_read_entry (in /lib64/libncurses.so.5.9)
==19966==    by 0x4E63165: _nc_setup_tinfo (in /lib64/libncurses.so.5.9)
==19966==    by 0x4E63491: _nc_setupterm (in /lib64/libncurses.so.5.9)
==19966==    by 0x4E51D69: newterm (in /lib64/libncurses.so.5.9)
==19966==    by 0x4E4EB82: initscr (in /lib64/libncurses.so.5.9)
==19966==    by 0x4107E5: io_init_terminal(dungeon*) (io.cpp:54)
==19966==    by 0x4038AA: main (rlg327.cpp:213)
==19966== 
==19966== 80 bytes in 1 blocks are still reachable in loss record 10 of 41
==19966==    at 0x4C2CA2A: realloc (vg_replace_malloc.c:692)
==19966==    by 0x4E611B2: _nc_doalloc (in /lib64/libncurses.so.5.9)
==19966==    by 0x4E68BB3: _nc_read_termtype (in /lib64/libncurses.so.5.9)
==19966==    by 0x4E68EAF: _nc_read_file_entry (in /lib64/libncurses.so.5.9)
==19966==    by 0x4E6900B: _nc_read_entry (in /lib64/libncurses.so.5.9)
==19966==    by 0x4E63165: _nc_setup_tinfo (in /lib64/libncurses.so.5.9)
==19966==    by 0x4E63491: _nc_setupterm (in /lib64/libncurses.so.5.9)
==19966==    by 0x4E51D69: newterm (in /lib64/libncurses.so.5.9)
==19966==    by 0x4E4EB82: initscr (in /lib64/libncurses.so.5.9)
==19966==    by 0x4107E5: io_init_terminal(dungeon*) (io.cpp:54)
==19966==    by 0x4038AA: main (rlg327.cpp:213)
==19966== 
==19966== 96 bytes in 1 blocks are still reachable in loss record 11 of 41
==19966==    at 0x4C2AADD: malloc (vg_replace_malloc.c:296)
==19966==    by 0x4E48262: _nc_scroll_optimize (in /lib64/libncurses.so.5.9)
==19966==    by 0x4E5DC66: doupdate (in /lib64/libncurses.so.5.9)
==19966==    by 0x4E53678: wrefresh (in /lib64/libncurses.so.5.9)
==19966==    by 0x4E4D77E: _nc_wgetch (in /lib64/libncurses.so.5.9)
==19966==    by 0x4E4E4C4: wgetch (in /lib64/libncurses.so.5.9)
==19966==    by 0x412130: io_list_monsters_display(dungeon*, character**, unsigned int) (io.cpp:536)
==19966==    by 0x41242B: io_list_monsters(dungeon*) (io.cpp:581)
==19966==    by 0x41331C: io_handle_input(dungeon*) (io.cpp:970)
==19966==    by 0x4101CC: do_moves(dungeon*) (move.cpp:172)
==19966==    by 0x40391E: main (rlg327.cpp:217)
==19966== 
==19966== 101 bytes in 1 blocks are still reachable in loss record 12 of 41
==19966==    at 0x4C2CA2A: realloc (vg_replace_malloc.c:692)
==19966==    by 0x4E611B2: _nc_doalloc (in /lib64/libncurses.so.5.9)
==19966==    by 0x4E645FE: _nc_tparm_analyze (in /lib64/libncurses.so.5.9)
==19966==    by 0x4E6487B: tparm (in /lib64/libncurses.so.5.9)
==19966==    by 0x4E567BB: vidputs (in /lib64/libncurses.so.5.9)
==19966==    by 0x4E59FAF: ??? (in /lib64/libncurses.so.5.9)
==19966==    by 0x4E5B7A0: ??? (in /lib64/libncurses.so.5.9)
==19966==    by 0x4E5C0F1: ??? (in /lib64/libncurses.so.5.9)
==19966==    by 0x4E5D369: doupdate (in /lib64/libncurses.so.5.9)
==19966==    by 0x4E53678: wrefresh (in /lib64/libncurses.so.5.9)
==19966==    by 0x411A33: io_display(dungeon*) (io.cpp:388)
==19966==    by 0x4038D2: main (rlg327.cpp:215)
==19966== 
==19966== 112 bytes in 1 blocks are still reachable in loss record 13 of 41
==19966==    at 0x4C2C854: calloc (vg_replace_malloc.c:623)
==19966==    by 0x4E5238D: _nc_makenew (in /lib64/libncurses.so.5.9)
==19966==    by 0x4E525F3: newwin (in /lib64/libncurses.so.5.9)
==19966==    by 0x4E54AA7: _nc_setupscreen (in /lib64/libncurses.so.5.9)
==19966==    by 0x4E51DAD: newterm (in /lib64/libncurses.so.5.9)
==19966==    by 0x4E4EB82: initscr (in /lib64/libncurses.so.5.9)
==19966==    by 0x4107E5: io_init_terminal(dungeon*) (io.cpp:54)
==19966==    by 0x4038AA: main (rlg327.cpp:213)
==19966== 
==19966== 112 bytes in 1 blocks are still reachable in loss record 14 of 41
==19966==    at 0x4C2C854: calloc (vg_replace_malloc.c:623)
==19966==    by 0x4E5238D: _nc_makenew (in /lib64/libncurses.so.5.9)
==19966==    by 0x4E525F3: newwin (in /lib64/libncurses.so.5.9)
==19966==    by 0x4E54AC8: _nc_setupscreen (in /lib64/libncurses.so.5.9)
==19966==    by 0x4E51DAD: newterm (in /lib64/libncurses.so.5.9)
==19966==    by 0x4E4EB82: initscr (in /lib64/libncurses.so.5.9)
==19966==    by 0x4107E5: io_init_terminal(dungeon*) (io.cpp:54)
==19966==    by 0x4038AA: main (rlg327.cpp:213)
==19966== 
==19966== 112 bytes in 1 blocks are still reachable in loss record 15 of 41
==19966==    at 0x4C2C854: calloc (vg_replace_malloc.c:623)
==19966==    by 0x4E5238D: _nc_makenew (in /lib64/libncurses.so.5.9)
==19966==    by 0x4E525F3: newwin (in /lib64/libncurses.so.5.9)
==19966==    by 0x4E54C24: _nc_setupscreen (in /lib64/libncurses.so.5.9)
==19966==    by 0x4E51DAD: newterm (in /lib64/libncurses.so.5.9)
==19966==    by 0x4E4EB82: initscr (in /lib64/libncurses.so.5.9)
==19966==    by 0x4107E5: io_init_terminal(dungeon*) (io.cpp:54)
==19966==    by 0x4038AA: main (rlg327.cpp:213)
==19966== 
==19966== 128 bytes in 1 blocks are still reachable in loss record 16 of 41
==19966==    at 0x4C2C854: calloc (vg_replace_malloc.c:623)
==19966==    by 0x4E54682: _nc_setupscreen (in /lib64/libncurses.so.5.9)
==19966==    by 0x4E51DAD: newterm (in /lib64/libncurses.so.5.9)
==19966==    by 0x4E4EB82: initscr (in /lib64/libncurses.so.5.9)
==19966==    by 0x4107E5: io_init_terminal(dungeon*) (io.cpp:54)
==19966==    by 0x4038AA: main (rlg327.cpp:213)
==19966== 
==19966== 128 bytes in 1 blocks are still reachable in loss record 17 of 41
==19966==    at 0x4C2C854: calloc (vg_replace_malloc.c:623)
==19966==    by 0x4E4B173: start_color (in /lib64/libncurses.so.5.9)
==19966==    by 0x410812: io_init_terminal(dungeon*) (io.cpp:59)
==19966==    by 0x4038AA: main (rlg327.cpp:213)
==19966== 
==19966== 192 bytes in 1 blocks are still reachable in loss record 18 of 41
==19966==    at 0x4C2C854: calloc (vg_replace_malloc.c:623)
==19966==    by 0x4E48F28: _nc_hash_map (in /lib64/libncurses.so.5.9)
==19966==    by 0x4E481C7: _nc_scroll_optimize (in /lib64/libncurses.so.5.9)
==19966==    by 0x4E5DC66: doupdate (in /lib64/libncurses.so.5.9)
==19966==    by 0x4E53678: wrefresh (in /lib64/libncurses.so.5.9)
==19966==    by 0x4E4D77E: _nc_wgetch (in /lib64/libncurses.so.5.9)
==19966==    by 0x4E4E4C4: wgetch (in /lib64/libncurses.so.5.9)
==19966==    by 0x412130: io_list_monsters_display(dungeon*, character**, unsigned int) (io.cpp:536)
==19966==    by 0x41242B: io_list_monsters(dungeon*) (io.cpp:581)
==19966==    by 0x41331C: io_handle_input(dungeon*) (io.cpp:970)
==19966==    by 0x4101CC: do_moves(dungeon*) (move.cpp:172)
==19966==    by 0x40391E: main (rlg327.cpp:217)
==19966== 
==19966== 192 bytes in 1 blocks are still reachable in loss record 19 of 41
==19966==    at 0x4C2C854: calloc (vg_replace_malloc.c:623)
==19966==    by 0x4E49039: _nc_hash_map (in /lib64/libncurses.so.5.9)
==19966==    by 0x4E481C7: _nc_scroll_optimize (in /lib64/libncurses.so.5.9)
==19966==    by 0x4E5DC66: doupdate (in /lib64/libncurses.so.5.9)
==19966==    by 0x4E53678: wrefresh (in /lib64/libncurses.so.5.9)
==19966==    by 0x4E4D77E: _nc_wgetch (in /lib64/libncurses.so.5.9)
==19966==    by 0x4E4E4C4: wgetch (in /lib64/libncurses.so.5.9)
==19966==    by 0x412130: io_list_monsters_display(dungeon*, character**, unsigned int) (io.cpp:536)
==19966==    by 0x41242B: io_list_monsters(dungeon*) (io.cpp:581)
==19966==    by 0x41331C: io_handle_input(dungeon*) (io.cpp:970)
==19966==    by 0x4101CC: do_moves(dungeon*) (move.cpp:172)
==19966==    by 0x40391E: main (rlg327.cpp:217)
==19966== 
==19966== 208 bytes in 1 blocks are still reachable in loss record 20 of 41
==19966==    at 0x4C2C854: calloc (vg_replace_malloc.c:623)
==19966==    by 0x4E6347A: _nc_setupterm (in /lib64/libncurses.so.5.9)
==19966==    by 0x4E51D69: newterm (in /lib64/libncurses.so.5.9)
==19966==    by 0x4E4EB82: initscr (in /lib64/libncurses.so.5.9)
==19966==    by 0x4107E5: io_init_terminal(dungeon*) (io.cpp:54)
==19966==    by 0x4038AA: main (rlg327.cpp:213)
==19966== 
==19966== 324 bytes in 1 blocks are still reachable in loss record 21 of 41
==19966==    at 0x4C2C854: calloc (vg_replace_malloc.c:623)
==19966==    by 0x4E4B153: start_color (in /lib64/libncurses.so.5.9)
==19966==    by 0x410812: io_init_terminal(dungeon*) (io.cpp:59)
==19966==    by 0x4038AA: main (rlg327.cpp:213)
==19966== 
==19966== 384 bytes in 1 blocks are still reachable in loss record 22 of 41
==19966==    at 0x4C2C854: calloc (vg_replace_malloc.c:623)
==19966==    by 0x4E523B8: _nc_makenew (in /lib64/libncurses.so.5.9)
==19966==    by 0x4E525F3: newwin (in /lib64/libncurses.so.5.9)
==19966==    by 0x4E54AA7: _nc_setupscreen (in /lib64/libncurses.so.5.9)
==19966==    by 0x4E51DAD: newterm (in /lib64/libncurses.so.5.9)
==19966==    by 0x4E4EB82: initscr (in /lib64/libncurses.so.5.9)
==19966==    by 0x4107E5: io_init_terminal(dungeon*) (io.cpp:54)
==19966==    by 0x4038AA: main (rlg327.cpp:213)
==19966== 
==19966== 384 bytes in 1 blocks are still reachable in loss record 23 of 41
==19966==    at 0x4C2C854: calloc (vg_replace_malloc.c:623)
==19966==    by 0x4E523B8: _nc_makenew (in /lib64/libncurses.so.5.9)
==19966==    by 0x4E525F3: newwin (in /lib64/libncurses.so.5.9)
==19966==    by 0x4E54AC8: _nc_setupscreen (in /lib64/libncurses.so.5.9)
==19966==    by 0x4E51DAD: newterm (in /lib64/libncurses.so.5.9)
==19966==    by 0x4E4EB82: initscr (in /lib64/libncurses.so.5.9)
==19966==    by 0x4107E5: io_init_terminal(dungeon*) (io.cpp:54)
==19966==    by 0x4038AA: main (rlg327.cpp:213)
==19966== 
==19966== 384 bytes in 1 blocks are still reachable in loss record 24 of 41
==19966==    at 0x4C2C854: calloc (vg_replace_malloc.c:623)
==19966==    by 0x4E523B8: _nc_makenew (in /lib64/libncurses.so.5.9)
==19966==    by 0x4E525F3: newwin (in /lib64/libncurses.so.5.9)
==19966==    by 0x4E54C24: _nc_setupscreen (in /lib64/libncurses.so.5.9)
==19966==    by 0x4E51DAD: newterm (in /lib64/libncurses.so.5.9)
==19966==    by 0x4E4EB82: initscr (in /lib64/libncurses.so.5.9)
==19966==    by 0x4107E5: io_init_terminal(dungeon*) (io.cpp:54)
==19966==    by 0x4038AA: main (rlg327.cpp:213)
==19966== 
==19966== 504 bytes in 21 blocks are still reachable in loss record 25 of 41
==19966==    at 0x4C2C854: calloc (vg_replace_malloc.c:623)
==19966==    by 0x4E5EF65: _nc_add_to_try (in /lib64/libncurses.so.5.9)
==19966==    by 0x4E61658: _nc_init_keytry (in /lib64/libncurses.so.5.9)
==19966==    by 0x4E62633: _nc_keypad (in /lib64/libncurses.so.5.9)
==19966==    by 0x41080D: io_init_terminal(dungeon*) (io.cpp:58)
==19966==    by 0x4038AA: main (rlg327.cpp:213)
==19966== 
==19966== 528 bytes in 1 blocks are still reachable in loss record 26 of 41
==19966==    at 0x4C2C854: calloc (vg_replace_malloc.c:623)
==19966==    by 0x4E68C94: _nc_read_termtype (in /lib64/libncurses.so.5.9)
==19966==    by 0x4E68EAF: _nc_read_file_entry (in /lib64/libncurses.so.5.9)
==19966==    by 0x4E6900B: _nc_read_entry (in /lib64/libncurses.so.5.9)
==19966==    by 0x4E63165: _nc_setup_tinfo (in /lib64/libncurses.so.5.9)
==19966==    by 0x4E63491: _nc_setupterm (in /lib64/libncurses.so.5.9)
==19966==    by 0x4E51D69: newterm (in /lib64/libncurses.so.5.9)
==19966==    by 0x4E4EB82: initscr (in /lib64/libncurses.so.5.9)
==19966==    by 0x4107E5: io_init_terminal(dungeon*) (io.cpp:54)
==19966==    by 0x4038AA: main (rlg327.cpp:213)
==19966== 
==19966== 757 bytes in 1 blocks are still reachable in loss record 27 of 41
==19966==    at 0x4C2AADD: malloc (vg_replace_malloc.c:296)
==19966==    by 0x4E68DB1: _nc_read_termtype (in /lib64/libncurses.so.5.9)
==19966==    by 0x4E68EAF: _nc_read_file_entry (in /lib64/libncurses.so.5.9)
==19966==    by 0x4E6900B: _nc_read_entry (in /lib64/libncurses.so.5.9)
==19966==    by 0x4E63165: _nc_setup_tinfo (in /lib64/libncurses.so.5.9)
==19966==    by 0x4E63491: _nc_setupterm (in /lib64/libncurses.so.5.9)
==19966==    by 0x4E51D69: newterm (in /lib64/libncurses.so.5.9)
==19966==    by 0x4E4EB82: initscr (in /lib64/libncurses.so.5.9)
==19966==    by 0x4107E5: io_init_terminal(dungeon*) (io.cpp:54)
==19966==    by 0x4038AA: main (rlg327.cpp:213)
==19966== 
==19966== 1,024 bytes in 1 blocks are still reachable in loss record 28 of 41
==19966==    at 0x4C2C854: calloc (vg_replace_malloc.c:623)
==19966==    by 0x4E54663: _nc_setupscreen (in /lib64/libncurses.so.5.9)
==19966==    by 0x4E51DAD: newterm (in /lib64/libncurses.so.5.9)
==19966==    by 0x4E4EB82: initscr (in /lib64/libncurses.so.5.9)
==19966==    by 0x4107E5: io_init_terminal(dungeon*) (io.cpp:54)
==19966==    by 0x4038AA: main (rlg327.cpp:213)
==19966== 
==19966== 1,200 bytes in 1 blocks are still reachable in loss record 29 of 41
==19966==    at 0x4C2AADD: malloc (vg_replace_malloc.c:296)
==19966==    by 0x4E48BD1: _nc_hash_map (in /lib64/libncurses.so.5.9)
==19966==    by 0x4E481C7: _nc_scroll_optimize (in /lib64/libncurses.so.5.9)
==19966==    by 0x4E5DC66: doupdate (in /lib64/libncurses.so.5.9)
==19966==    by 0x4E53678: wrefresh (in /lib64/libncurses.so.5.9)
==19966==    by 0x4E4D77E: _nc_wgetch (in /lib64/libncurses.so.5.9)
==19966==    by 0x4E4E4C4: wgetch (in /lib64/libncurses.so.5.9)
==19966==    by 0x412130: io_list_monsters_display(dungeon*, character**, unsigned int) (io.cpp:536)
==19966==    by 0x41242B: io_list_monsters(dungeon*) (io.cpp:581)
==19966==    by 0x41331C: io_handle_input(dungeon*) (io.cpp:970)
==19966==    by 0x4101CC: do_moves(dungeon*) (move.cpp:172)
==19966==    by 0x40391E: main (rlg327.cpp:217)
==19966== 
==19966== 1,200 bytes in 50 blocks are still reachable in loss record 30 of 41
==19966==    at 0x4C2C854: calloc (vg_replace_malloc.c:623)
==19966==    by 0x4E5EFBE: _nc_add_to_try (in /lib64/libncurses.so.5.9)
==19966==    by 0x4E61658: _nc_init_keytry (in /lib64/libncurses.so.5.9)
==19966==    by 0x4E62633: _nc_keypad (in /lib64/libncurses.so.5.9)
==19966==    by 0x41080D: io_init_terminal(dungeon*) (io.cpp:58)
==19966==    by 0x4038AA: main (rlg327.cpp:213)
==19966== 
==19966== 1,437 bytes in 1 blocks are still reachable in loss record 31 of 41
==19966==    at 0x4C2AADD: malloc (vg_replace_malloc.c:296)
==19966==    by 0x4E686D8: _nc_read_termtype (in /lib64/libncurses.so.5.9)
==19966==    by 0x4E68EAF: _nc_read_file_entry (in /lib64/libncurses.so.5.9)
==19966==    by 0x4E6900B: _nc_read_entry (in /lib64/libncurses.so.5.9)
==19966==    by 0x4E63165: _nc_setup_tinfo (in /lib64/libncurses.so.5.9)
==19966==    by 0x4E63491: _nc_setupterm (in /lib64/libncurses.so.5.9)
==19966==    by 0x4E51D69: newterm (in /lib64/libncurses.so.5.9)
==19966==    by 0x4E4EB82: initscr (in /lib64/libncurses.so.5.9)
==19966==    by 0x4107E5: io_init_terminal(dungeon*) (io.cpp:54)
==19966==    by 0x4038AA: main (rlg327.cpp:213)
==19966== 
==19966== 1,664 bytes in 1 blocks are still reachable in loss record 32 of 41
==19966==    at 0x4C2C854: calloc (vg_replace_malloc.c:623)
==19966==    by 0x4E5463E: _nc_setupscreen (in /lib64/libncurses.so.5.9)
==19966==    by 0x4E51DAD: newterm (in /lib64/libncurses.so.5.9)
==19966==    by 0x4E4EB82: initscr (in /lib64/libncurses.so.5.9)
==19966==    by 0x4107E5: io_init_terminal(dungeon*) (io.cpp:54)
==19966==    by 0x4038AA: main (rlg327.cpp:213)
==19966== 
==19966== 1,680 bytes in 70 blocks are still reachable in loss record 33 of 41
==19966==    at 0x4C2C854: calloc (vg_replace_malloc.c:623)
==19966==    by 0x4E5EF65: _nc_add_to_try (in /lib64/libncurses.so.5.9)
==19966==    by 0x4E615A3: _nc_init_keytry (in /lib64/libncurses.so.5.9)
==19966==    by 0x4E62633: _nc_keypad (in /lib64/libncurses.so.5.9)
==19966==    by 0x41080D: io_init_terminal(dungeon*) (io.cpp:58)
==19966==    by 0x4038AA: main (rlg327.cpp:213)
==19966== 
==19966== 1,945 bytes in 1 blocks are still reachable in loss record 34 of 41
==19966==    at 0x4C2AADD: malloc (vg_replace_malloc.c:296)
==19966==    by 0x4E57455: _nc_printf_string (in /lib64/libncurses.so.5.9)
==19966==    by 0x4E5305E: vwprintw (in /lib64/libncurses.so.5.9)
==19966==    by 0x4E53264: mvprintw (in /lib64/libncurses.so.5.9)
==19966==    by 0x411E3B: io_list_monsters_display(dungeon*, character**, unsigned int) (io.cpp:509)
==19966==    by 0x41242B: io_list_monsters(dungeon*) (io.cpp:581)
==19966==    by 0x41331C: io_handle_input(dungeon*) (io.cpp:970)
==19966==    by 0x4101CC: do_moves(dungeon*) (move.cpp:172)
==19966==    by 0x40391E: main (rlg327.cpp:217)
==19966== 
==19966== 2,088 bytes in 87 blocks are still reachable in loss record 35 of 41
==19966==    at 0x4C2C854: calloc (vg_replace_malloc.c:623)
==19966==    by 0x4E5EFBE: _nc_add_to_try (in /lib64/libncurses.so.5.9)
==19966==    by 0x4E615A3: _nc_init_keytry (in /lib64/libncurses.so.5.9)
==19966==    by 0x4E62633: _nc_keypad (in /lib64/libncurses.so.5.9)
==19966==    by 0x41080D: io_init_terminal(dungeon*) (io.cpp:58)
==19966==    by 0x4038AA: main (rlg327.cpp:213)
==19966== 
==19966== 2,236 bytes in 1 blocks are still reachable in loss record 36 of 41
==19966==    at 0x4C2AADD: malloc (vg_replace_malloc.c:296)
==19966==    by 0x4E54774: _nc_setupscreen (in /lib64/libncurses.so.5.9)
==19966==    by 0x4E51DAD: newterm (in /lib64/libncurses.so.5.9)
==19966==    by 0x4E4EB82: initscr (in /lib64/libncurses.so.5.9)
==19966==    by 0x4107E5: io_init_terminal(dungeon*) (io.cpp:54)
==19966==    by 0x4038AA: main (rlg327.cpp:213)
==19966== 
==19966== 3,816 bytes in 1 blocks are still reachable in loss record 37 of 41
==19966==    at 0x4C2CA2A: realloc (vg_replace_malloc.c:692)
==19966==    by 0x4E611B2: _nc_doalloc (in /lib64/libncurses.so.5.9)
==19966==    by 0x4E68BD1: _nc_read_termtype (in /lib64/libncurses.so.5.9)
==19966==    by 0x4E68EAF: _nc_read_file_entry (in /lib64/libncurses.so.5.9)
==19966==    by 0x4E6900B: _nc_read_entry (in /lib64/libncurses.so.5.9)
==19966==    by 0x4E63165: _nc_setup_tinfo (in /lib64/libncurses.so.5.9)
==19966==    by 0x4E63491: _nc_setupterm (in /lib64/libncurses.so.5.9)
==19966==    by 0x4E51D69: newterm (in /lib64/libncurses.so.5.9)
==19966==    by 0x4E4EB82: initscr (in /lib64/libncurses.so.5.9)
==19966==    by 0x4107E5: io_init_terminal(dungeon*) (io.cpp:54)
==19966==    by 0x4038AA: main (rlg327.cpp:213)
==19966== 
==19966== 15,360 bytes in 24 blocks are still reachable in loss record 38 of 41
==19966==    at 0x4C2C854: calloc (vg_replace_malloc.c:623)
==19966==    by 0x4E5262C: newwin (in /lib64/libncurses.so.5.9)
==19966==    by 0x4E54AA7: _nc_setupscreen (in /lib64/libncurses.so.5.9)
==19966==    by 0x4E51DAD: newterm (in /lib64/libncurses.so.5.9)
==19966==    by 0x4E4EB82: initscr (in /lib64/libncurses.so.5.9)
==19966==    by 0x4107E5: io_init_terminal(dungeon*) (io.cpp:54)
==19966==    by 0x4038AA: main (rlg327.cpp:213)
==19966== 
==19966== 15,360 bytes in 24 blocks are still reachable in loss record 39 of 41
==19966==    at 0x4C2C854: calloc (vg_replace_malloc.c:623)
==19966==    by 0x4E5262C: newwin (in /lib64/libncurses.so.5.9)
==19966==    by 0x4E54AC8: _nc_setupscreen (in /lib64/libncurses.so.5.9)
==19966==    by 0x4E51DAD: newterm (in /lib64/libncurses.so.5.9)
==19966==    by 0x4E4EB82: initscr (in /lib64/libncurses.so.5.9)
==19966==    by 0x4107E5: io_init_terminal(dungeon*) (io.cpp:54)
==19966==    by 0x4038AA: main (rlg327.cpp:213)
==19966== 
==19966== 15,360 bytes in 24 blocks are still reachable in loss record 40 of 41
==19966==    at 0x4C2C854: calloc (vg_replace_malloc.c:623)
==19966==    by 0x4E5262C: newwin (in /lib64/libncurses.so.5.9)
==19966==    by 0x4E54C24: _nc_setupscreen (in /lib64/libncurses.so.5.9)
==19966==    by 0x4E51DAD: newterm (in /lib64/libncurses.so.5.9)
==19966==    by 0x4E4EB82: initscr (in /lib64/libncurses.so.5.9)
==19966==    by 0x4107E5: io_init_terminal(dungeon*) (io.cpp:54)
==19966==    by 0x4038AA: main (rlg327.cpp:213)
==19966== 
==19966== 72,704 bytes in 1 blocks are still reachable in loss record 41 of 41
==19966==    at 0x4C2AADD: malloc (vg_replace_malloc.c:296)
==19966==    by 0x511414F: pool (eh_alloc.cc:117)
==19966==    by 0x511414F: __static_initialization_and_destruction_0 (eh_alloc.cc:244)
==19966==    by 0x511414F: _GLOBAL__sub_I_eh_alloc.cc (eh_alloc.cc:307)
==19966==    by 0x51B9135: ??? (in /usr/local/gcc-5.3.0/lib64/libstdc++.so.6.0.21)
==19966==    by 0x5110CC6: ??? (in /usr/local/gcc-5.3.0/lib64/libstdc++.so.6.0.21)
==19966== 
==19966== LEAK SUMMARY:
==19966==    definitely lost: 0 bytes in 0 blocks
==19966==    indirectly lost: 0 bytes in 0 blocks
==19966==      possibly lost: 0 bytes in 0 blocks
==19966==    still reachable: 142,098 bytes in 334 blocks
==19966==         suppressed: 0 bytes in 0 blocks
==19966== 
==19966== For counts of detected and suppressed errors, rerun with: -v
==19966== ERROR SUMMARY: 0 errors from 0 contexts (suppressed: 0 from 0)
